{
  "lessonFile": "C:\\UNIVERSITY\\2026 - 2027\\WebProgramming\\plans\\wall.json",
  "sessionStart": 1770794823172,
  "events": [
    {
      "timestamp": 1770795264196,
      "char": "<"
    },
    {
      "timestamp": 1770795264221,
      "char": "!"
    },
    {
      "timestamp": 1770795264392,
      "char": "D"
    },
    {
      "timestamp": 1770795264574,
      "char": "O"
    },
    {
      "timestamp": 1770795265090,
      "char": "C"
    },
    {
      "timestamp": 1770795265289,
      "char": "T"
    },
    {
      "timestamp": 1770795265532,
      "char": "Y"
    },
    {
      "timestamp": 1770795265801,
      "char": "P"
    },
    {
      "timestamp": 1770795265996,
      "char": "E"
    },
    {
      "timestamp": 1770795266238,
      "char": " "
    },
    {
      "timestamp": 1770795266460,
      "char": "h"
    },
    {
      "timestamp": 1770795266803,
      "char": "t"
    },
    {
      "timestamp": 1770795267110,
      "char": "m"
    },
    {
      "timestamp": 1770795267304,
      "char": "l"
    },
    {
      "timestamp": 1770795267538,
      "char": ">"
    },
    {
      "timestamp": 1770795290532,
      "char": "\n"
    },
    {
      "timestamp": 1770795297231,
      "char": "<"
    },
    {
      "timestamp": 1770795297509,
      "char": "h"
    },
    {
      "timestamp": 1770795297744,
      "char": "t"
    },
    {
      "timestamp": 1770795297914,
      "char": "m"
    },
    {
      "timestamp": 1770795298266,
      "char": "l"
    },
    {
      "timestamp": 1770795298959,
      "char": ">"
    },
    {
      "timestamp": 1770795308189,
      "char": "\n"
    },
    {
      "timestamp": 1770795308578,
      "char": "⌫"
    },
    {
      "timestamp": 1770795308944,
      "char": "<"
    },
    {
      "timestamp": 1770795309192,
      "char": "/"
    },
    {
      "timestamp": 1770795309407,
      "char": "h"
    },
    {
      "timestamp": 1770795309597,
      "char": "t"
    },
    {
      "timestamp": 1770795309748,
      "char": "m"
    },
    {
      "timestamp": 1770795309958,
      "char": "l"
    },
    {
      "timestamp": 1770795310226,
      "char": ">"
    },
    {
      "timestamp": 1770795310771,
      "char": "↑"
    },
    {
      "timestamp": 1770795361212,
      "char": "►"
    },
    {
      "timestamp": 1770795361719,
      "char": "\n"
    },
    {
      "timestamp": 1770795364602,
      "char": "<"
    },
    {
      "timestamp": 1770795365000,
      "char": "h"
    },
    {
      "timestamp": 1770795365208,
      "char": "e"
    },
    {
      "timestamp": 1770795365420,
      "char": "a"
    },
    {
      "timestamp": 1770795365799,
      "char": "d"
    },
    {
      "timestamp": 1770795365933,
      "char": ">"
    },
    {
      "timestamp": 1770795366282,
      "char": "\n"
    },
    {
      "timestamp": 1770795366721,
      "char": "<"
    },
    {
      "timestamp": 1770795367114,
      "char": "/"
    },
    {
      "timestamp": 1770795367328,
      "char": "h"
    },
    {
      "timestamp": 1770795367495,
      "char": "e"
    },
    {
      "timestamp": 1770795367757,
      "char": "a"
    },
    {
      "timestamp": 1770795367977,
      "char": "d"
    },
    {
      "timestamp": 1770795368318,
      "char": ">"
    },
    {
      "timestamp": 1770795379539,
      "char": "↑"
    },
    {
      "timestamp": 1770795380520,
      "char": "►"
    },
    {
      "timestamp": 1770795381347,
      "char": "\n"
    },
    {
      "timestamp": 1770795383421,
      "char": "<"
    },
    {
      "timestamp": 1770795383774,
      "char": "t"
    },
    {
      "timestamp": 1770795383881,
      "char": "i"
    },
    {
      "timestamp": 1770795384096,
      "char": "t"
    },
    {
      "timestamp": 1770795384287,
      "char": "l"
    },
    {
      "timestamp": 1770795384808,
      "char": "e"
    },
    {
      "timestamp": 1770795385248,
      "char": ">"
    },
    {
      "timestamp": 1770795393639,
      "char": "C"
    },
    {
      "timestamp": 1770795393926,
      "char": "h"
    },
    {
      "timestamp": 1770795394089,
      "char": "e"
    },
    {
      "timestamp": 1770795394355,
      "char": "s"
    },
    {
      "timestamp": 1770795394482,
      "char": "s"
    },
    {
      "timestamp": 1770795394713,
      "char": " "
    },
    {
      "timestamp": 1770795394963,
      "char": "B"
    },
    {
      "timestamp": 1770795395075,
      "char": "o"
    },
    {
      "timestamp": 1770795395319,
      "char": "a"
    },
    {
      "timestamp": 1770795395518,
      "char": "r"
    },
    {
      "timestamp": 1770795395655,
      "char": "d"
    },
    {
      "timestamp": 1770795395901,
      "char": "<"
    },
    {
      "timestamp": 1770795399929,
      "char": "/"
    },
    {
      "timestamp": 1770795400181,
      "char": "t"
    },
    {
      "timestamp": 1770795400430,
      "char": "i"
    },
    {
      "timestamp": 1770795400638,
      "char": "t"
    },
    {
      "timestamp": 1770795400811,
      "char": "l"
    },
    {
      "timestamp": 1770795401014,
      "char": "e"
    },
    {
      "timestamp": 1770795401406,
      "char": ">"
    },
    {
      "timestamp": 1770795401475,
      "anchor": "⚓0⚓"
    },
    {
      "timestamp": 1770795434961,
      "char": "↓"
    },
    {
      "timestamp": 1770795435591,
      "char": "►"
    },
    {
      "timestamp": 1770795436247,
      "char": "\n"
    },
    {
      "timestamp": 1770795436844,
      "char": "<"
    },
    {
      "timestamp": 1770795437052,
      "char": "b"
    },
    {
      "timestamp": 1770795437290,
      "char": "o"
    },
    {
      "timestamp": 1770795437498,
      "char": "d"
    },
    {
      "timestamp": 1770795437729,
      "char": "y"
    },
    {
      "timestamp": 1770795438022,
      "char": ">"
    },
    {
      "timestamp": 1770795438423,
      "char": "\n"
    },
    {
      "timestamp": 1770795438806,
      "char": "<"
    },
    {
      "timestamp": 1770795439092,
      "char": "/"
    },
    {
      "timestamp": 1770795439345,
      "char": "b"
    },
    {
      "timestamp": 1770795439571,
      "char": "o"
    },
    {
      "timestamp": 1770795439850,
      "char": "d"
    },
    {
      "timestamp": 1770795440214,
      "char": "y"
    },
    {
      "timestamp": 1770795440489,
      "char": ">"
    },
    {
      "timestamp": 1770795442576,
      "char": "↑"
    },
    {
      "timestamp": 1770795442986,
      "char": "►"
    },
    {
      "timestamp": 1770795443409,
      "char": "\n"
    },
    {
      "timestamp": 1770795443854,
      "char": "💾"
    },
    {
      "timestamp": 1770795768608,
      "char": "<"
    },
    {
      "timestamp": 1770795768702,
      "char": "h"
    },
    {
      "timestamp": 1770795768857,
      "char": "1"
    },
    {
      "timestamp": 1770795768974,
      "char": ">"
    },
    {
      "timestamp": 1770795769191,
      "char": "C"
    },
    {
      "timestamp": 1770795769277,
      "char": "h"
    },
    {
      "timestamp": 1770795769427,
      "char": "e"
    },
    {
      "timestamp": 1770795769530,
      "char": "s"
    },
    {
      "timestamp": 1770795769678,
      "char": "s"
    },
    {
      "timestamp": 1770795769793,
      "char": " "
    },
    {
      "timestamp": 1770795769902,
      "char": "B"
    },
    {
      "timestamp": 1770795770023,
      "char": "o"
    },
    {
      "timestamp": 1770795770110,
      "char": "a"
    },
    {
      "timestamp": 1770795770282,
      "char": "r"
    },
    {
      "timestamp": 1770795770360,
      "char": "d"
    },
    {
      "timestamp": 1770795770459,
      "char": "<"
    },
    {
      "timestamp": 1770795770549,
      "char": "/"
    },
    {
      "timestamp": 1770795770783,
      "char": "h"
    },
    {
      "timestamp": 1770795770973,
      "char": "1"
    },
    {
      "timestamp": 1770795771209,
      "char": ">"
    },
    {
      "timestamp": 1770795771234,
      "anchor": "⚓1⚓"
    },
    {
      "timestamp": 1770795771402,
      "char": "↩"
    },
    {
      "timestamp": 1770795771610,
      "char": "💾"
    },
    {
      "timestamp": 1770795820703,
      "code_insert": "↩<a href=\"https://www.w3schools.com\"⚓2⚓>\nVisit W3Schools.com!\n</a>"
    },
    {
      "timestamp": 1770795985126,
      "interaction": "teacher-question",
      "info": "How to make it open in a new tab?",
      "answered_by": [23]
    },
    {
      "timestamp": 1770796400089,
      "move_to": "⚓2⚓"
    },
    {
      "timestamp": 1770796410532,
      "char": " "
    },
    {
      "timestamp": 1770796411711,
      "char": "t"
    },
    {
      "timestamp": 1770796412075,
      "char": "a"
    },
    {
      "timestamp": 1770796412237,
      "char": "r"
    },
    {
      "timestamp": 1770796412414,
      "char": "g"
    },
    {
      "timestamp": 1770796412547,
      "char": "e"
    },
    {
      "timestamp": 1770796412699,
      "char": "t"
    },
    {
      "timestamp": 1770796412899,
      "char": "="
    },
    {
      "timestamp": 1770796413136,
      "char": "\""
    },
    {
      "timestamp": 1770796413438,
      "char": "_"
    },
    {
      "timestamp": 1770796413788,
      "char": "b"
    },
    {
      "timestamp": 1770796414115,
      "char": "l"
    },
    {
      "timestamp": 1770796414250,
      "char": "a"
    },
    {
      "timestamp": 1770796414440,
      "char": "n"
    },
    {
      "timestamp": 1770796414696,
      "char": "k"
    },
    {
      "timestamp": 1770796415083,
      "char": "\""
    },
    {
      "timestamp": 1770796417324,
      "char": "💾"
    },
    {
      "timestamp": 1770796480121,
      "move_to": "⚓1⚓"
    },
    {
      "timestamp": 1770796484181,
      "char": "↩"
    },
    {
      "timestamp": 1770796484535,
      "char": "<"
    },
    {
      "timestamp": 1770796484767,
      "char": "d"
    },
    {
      "timestamp": 1770796484877,
      "char": "i"
    },
    {
      "timestamp": 1770796485048,
      "char": "v"
    },
    {
      "timestamp": 1770796485122,
      "anchor": "⚓15⚓"
    },
    {
      "timestamp": 1770796485250,
      "char": ">"
    },
    {
      "timestamp": 1770796485396,
      "char": "<"
    },
    {
      "timestamp": 1770796485543,
      "char": "/"
    },
    {
      "timestamp": 1770796485708,
      "char": "d"
    },
    {
      "timestamp": 1770796485895,
      "char": "i"
    },
    {
      "timestamp": 1770796486214,
      "char": "v"
    },
    {
      "timestamp": 1770796486231,
      "char": ">"
    },
    {
      "timestamp": 1770796486475,
      "anchor": "⚓4⚓"
    },
    {
      "timestamp": 1770796486659,
      "char": "💾"
    },
    {
      "timestamp": 1770796525013,
      "move_to": "DEV"
    },
    {
      "timestamp": 1770796545885,
      "char": "h"
    },
    {
      "timestamp": 1770796546369,
      "char": "e"
    },
    {
      "timestamp": 1770796546508,
      "char": "i"
    },
    {
      "timestamp": 1770796546808,
      "char": "g"
    },
    {
      "timestamp": 1770796546936,
      "char": "h"
    },
    {
      "timestamp": 1770796547264,
      "char": "t"
    },
    {
      "timestamp": 1770796548922,
      "char": ":"
    },
    {
      "timestamp": 1770796549297,
      "char": "5"
    },
    {
      "timestamp": 1770796549610,
      "char": "0"
    },
    {
      "timestamp": 1770796549974,
      "char": "p"
    },
    {
      "timestamp": 1770796550422,
      "char": "x"
    },
    {
      "timestamp": 1770796550987,
      "char": ";"
    },
    {
      "timestamp": 1770796576195,
      "interaction": "teacher-question",
      "info": "Do you know what pixels are?"
    },
    {
      "timestamp": 1770796624530,
      "char": "b"
    },
    {
      "timestamp": 1770796625004,
      "char": "a"
    },
    {
      "timestamp": 1770796625235,
      "char": "c"
    },
    {
      "timestamp": 1770796625483,
      "char": "k"
    },
    {
      "timestamp": 1770796625600,
      "char": "g"
    },
    {
      "timestamp": 1770796625814,
      "char": "r"
    },
    {
      "timestamp": 1770796625901,
      "char": "o"
    },
    {
      "timestamp": 1770796626140,
      "char": "u"
    },
    {
      "timestamp": 1770796626300,
      "char": "n"
    },
    {
      "timestamp": 1770796626409,
      "char": "d"
    },
    {
      "timestamp": 1770796626585,
      "char": "-"
    },
    {
      "timestamp": 1770796626850,
      "char": "c"
    },
    {
      "timestamp": 1770796627089,
      "char": "o"
    },
    {
      "timestamp": 1770796627222,
      "char": "l"
    },
    {
      "timestamp": 1770796627362,
      "char": "o"
    },
    {
      "timestamp": 1770796627563,
      "char": "r"
    },
    {
      "timestamp": 1770796627803,
      "char": ":"
    },
    {
      "timestamp": 1770796629512,
      "char": "b"
    },
    {
      "timestamp": 1770796629752,
      "char": "l"
    },
    {
      "timestamp": 1770796630013,
      "char": "a"
    },
    {
      "timestamp": 1770796630226,
      "char": "c"
    },
    {
      "timestamp": 1770796630642,
      "char": "k"
    },
    {
      "timestamp": 1770796647922,
      "char": ";"
    },
    {
      "timestamp": 1770796647969,
      "char": "w"
    },
    {
      "timestamp": 1770796648618,
      "char": "i"
    },
    {
      "timestamp": 1770796649031,
      "char": "d"
    },
    {
      "timestamp": 1770796649185,
      "char": "t"
    },
    {
      "timestamp": 1770796649424,
      "char": "h"
    },
    {
      "timestamp": 1770796657077,
      "char": ":"
    },
    {
      "timestamp": 1770796657721,
      "char": "5"
    },
    {
      "timestamp": 1770796658161,
      "char": "0"
    },
    {
      "timestamp": 1770796658360,
      "char": "p"
    },
    {
      "timestamp": 1770796658754,
      "char": "x"
    },
    {
      "timestamp": 1770796665897,
      "char": ";"
    },
    {
      "timestamp": 1770796688812,
      "move_to": "MAIN"
    },
    {
      "timestamp": 1770796691638,
      "char": "↩"
    },
    {
      "timestamp": 1770796719126,
      "code_insert": "<div style=\"height: 50px;\n―background-color: black;\nwidth: 50px;\"\n↢></div>⚓3⚓"
    },
    {
      "timestamp": 1770796736078,
      "move_to": "⚓4⚓"
    },
    {
      "timestamp": 1770796737717,
      "char": "↩"
    },
    {
      "timestamp": 1770796737888,
      "char": "↩"
    },
    {
      "timestamp": 1770796738095,
      "char": "<"
    },
    {
      "timestamp": 1770796738371,
      "char": "!"
    },
    {
      "timestamp": 1770796738561,
      "char": "-"
    },
    {
      "timestamp": 1770796738796,
      "char": "-"
    },
    {
      "timestamp": 1770796739148,
      "char": " "
    },
    {
      "timestamp": 1770796759441,
      "char": "d"
    },
    {
      "timestamp": 1770796759536,
      "char": "i"
    },
    {
      "timestamp": 1770796759752,
      "char": "v"
    },
    {
      "timestamp": 1770796759979,
      "char": " "
    },
    {
      "timestamp": 1770796760268,
      "char": "w"
    },
    {
      "timestamp": 1770796760452,
      "char": "i"
    },
    {
      "timestamp": 1770796760591,
      "char": "t"
    },
    {
      "timestamp": 1770796760786,
      "char": "h"
    },
    {
      "timestamp": 1770796760940,
      "char": " "
    },
    {
      "timestamp": 1770796761169,
      "char": "I"
    },
    {
      "timestamp": 1770796761368,
      "char": "n"
    },
    {
      "timestamp": 1770796761662,
      "char": "l"
    },
    {
      "timestamp": 1770796761806,
      "char": "i"
    },
    {
      "timestamp": 1770796761984,
      "char": "n"
    },
    {
      "timestamp": 1770796762142,
      "char": "e"
    },
    {
      "timestamp": 1770796762310,
      "char": " "
    },
    {
      "timestamp": 1770796762386,
      "char": "S"
    },
    {
      "timestamp": 1770796762544,
      "char": "t"
    },
    {
      "timestamp": 1770796762732,
      "char": "y"
    },
    {
      "timestamp": 1770796762784,
      "char": "l"
    },
    {
      "timestamp": 1770796762925,
      "char": "e"
    },
    {
      "timestamp": 1770796763164,
      "char": " "
    },
    {
      "timestamp": 1770796763192,
      "char": "("
    },
    {
      "timestamp": 1770796763368,
      "char": "n"
    },
    {
      "timestamp": 1770796763755,
      "char": "o"
    },
    {
      "timestamp": 1770796763966,
      "char": "t"
    },
    {
      "timestamp": 1770796764132,
      "char": " "
    },
    {
      "timestamp": 1770796764281,
      "char": "r"
    },
    {
      "timestamp": 1770796764470,
      "char": "e"
    },
    {
      "timestamp": 1770796764673,
      "char": "c"
    },
    {
      "timestamp": 1770796764862,
      "char": "o"
    },
    {
      "timestamp": 1770796765040,
      "char": "m"
    },
    {
      "timestamp": 1770796765198,
      "char": "m"
    },
    {
      "timestamp": 1770796765364,
      "char": "e"
    },
    {
      "timestamp": 1770796765578,
      "char": "n"
    },
    {
      "timestamp": 1770796765746,
      "char": "d"
    },
    {
      "timestamp": 1770796766090,
      "char": "e"
    },
    {
      "timestamp": 1770796766430,
      "char": "d"
    },
    {
      "timestamp": 1770796766740,
      "char": ")"
    },
    {
      "timestamp": 1770796791039,
      "move_to": "⚓3⚓"
    },
    {
      "timestamp": 1770796797727,
      "code_insert": " -->"
    },
    {
      "timestamp": 1770796867121,
      "move_to": "⚓0⚓"
    },
    {
      "timestamp": 1770796867320,
      "char": "↩"
    },
    {
      "timestamp": 1770796867663,
      "char": "<"
    },
    {
      "timestamp": 1770796868068,
      "char": "s"
    },
    {
      "timestamp": 1770796868277,
      "char": "t"
    },
    {
      "timestamp": 1770796868571,
      "char": "y"
    },
    {
      "timestamp": 1770796868688,
      "char": "l"
    },
    {
      "timestamp": 1770796868916,
      "char": "e"
    },
    {
      "timestamp": 1770796869121,
      "char": ">"
    },
    {
      "timestamp": 1770796869250,
      "anchor": "⚓28⚓"
    },
    {
      "timestamp": 1770796869490,
      "char": "\n"
    },
    {
      "timestamp": 1770796870567,
      "char": "⌫"
    },
    {
      "timestamp": 1770796871977,
      "char": "<"
    },
    {
      "timestamp": 1770796872258,
      "char": "/"
    },
    {
      "timestamp": 1770796872471,
      "char": "s"
    },
    {
      "timestamp": 1770796872687,
      "char": "t"
    },
    {
      "timestamp": 1770796872881,
      "char": "y"
    },
    {
      "timestamp": 1770796873051,
      "char": "l"
    },
    {
      "timestamp": 1770796873254,
      "char": "e"
    },
    {
      "timestamp": 1770796873520,
      "char": ">"
    },
    {
      "timestamp": 1770796873902,
      "char": "↑"
    },
    {
      "timestamp": 1770796874505,
      "char": "►"
    },
    {
      "timestamp": 1770796875062,
      "char": "\n"
    },
    {
      "timestamp": 1770796888698,
      "char": "d"
    },
    {
      "timestamp": 1770796889105,
      "char": "i"
    },
    {
      "timestamp": 1770796889347,
      "char": "v"
    },
    {
      "timestamp": 1770796889468,
      "anchor": "⚓7⚓"
    },
    {
      "timestamp": 1770796889569,
      "char": " "
    },
    {
      "timestamp": 1770796889863,
      "char": "{"
    },
    {
      "timestamp": 1770796890132,
      "char": "\n"
    },
    {
      "timestamp": 1770796890574,
      "char": "}"
    },
    {
      "timestamp": 1770796891784,
      "anchor": "⚓30⚓"
    },
    {
      "timestamp": 1770796892812,
      "char": "↑"
    },
    {
      "timestamp": 1770796893030,
      "char": "►"
    },
    {
      "timestamp": 1770796893248,
      "char": "↩"
    },
    {
      "timestamp": 1770796913289,
      "code_insert": "height: 50px;\nbackground-color: black;⚓31⚓\nwidth: 50px;⚓5⚓"
    },
    {
      "timestamp": 1770796934157,
      "char": "💾"
    },
    {
      "timestamp": 1770796971228,
      "move_to": "⚓1⚓"
    },
    {
      "timestamp": 1770796984147,
      "code_insert": "↩<div⚓8⚓></div>\n<div⚓9⚓></div>\n<div⚓10⚓></div>\n<div⚓11⚓></div>\n<div⚓12⚓></div>\n<div⚓13⚓></div>\n<div⚓14⚓></div>"
    },
    {
      "timestamp": 1770796995185,
      "char": "💾"
    },
    {
      "timestamp": 1770797070068,
      "move_to": "DEV"
    },
    {
      "timestamp": 1770797071777,
      "char": "m"
    },
    {
      "timestamp": 1770797071933,
      "char": "a"
    },
    {
      "timestamp": 1770797072038,
      "char": "r"
    },
    {
      "timestamp": 1770797072298,
      "char": "g"
    },
    {
      "timestamp": 1770797072356,
      "char": "i"
    },
    {
      "timestamp": 1770797072469,
      "char": "n"
    },
    {
      "timestamp": 1770797072822,
      "char": ":"
    },
    {
      "timestamp": 1770797074965,
      "char": "1"
    },
    {
      "timestamp": 1770797075304,
      "char": "0"
    },
    {
      "timestamp": 1770797075474,
      "char": "p"
    },
    {
      "timestamp": 1770797075879,
      "char": "x"
    },
    {
      "timestamp": 1770797087104,
      "char": ";"
    },
    {
      "timestamp": 1770797094519,
      "char": "p"
    },
    {
      "timestamp": 1770797094675,
      "char": "a"
    },
    {
      "timestamp": 1770797094888,
      "char": "d"
    },
    {
      "timestamp": 1770797095088,
      "char": "d"
    },
    {
      "timestamp": 1770797095261,
      "char": "i"
    },
    {
      "timestamp": 1770797095395,
      "char": "n"
    },
    {
      "timestamp": 1770797095648,
      "char": "g"
    },
    {
      "timestamp": 1770797096200,
      "char": ":"
    },
    {
      "timestamp": 1770797097705,
      "char": "5"
    },
    {
      "timestamp": 1770797098133,
      "char": "p"
    },
    {
      "timestamp": 1770797099590,
      "char": "x"
    },
    {
      "timestamp": 1770797108023,
      "char": ";"
    },
    {
      "timestamp": 1770797177775,
      "char": "b"
    },
    {
      "timestamp": 1770797177885,
      "char": "o"
    },
    {
      "timestamp": 1770797178016,
      "char": "r"
    },
    {
      "timestamp": 1770797178372,
      "char": "d"
    },
    {
      "timestamp": 1770797178583,
      "char": "e"
    },
    {
      "timestamp": 1770797178737,
      "char": "r"
    },
    {
      "timestamp": 1770797179792,
      "char": ":"
    },
    {
      "timestamp": 1770797182307,
      "char": "1"
    },
    {
      "timestamp": 1770797182635,
      "char": "p"
    },
    {
      "timestamp": 1770797182989,
      "char": "x"
    },
    {
      "timestamp": 1770797184665,
      "char": " "
    },
    {
      "timestamp": 1770797185049,
      "char": "s"
    },
    {
      "timestamp": 1770797185441,
      "char": "o"
    },
    {
      "timestamp": 1770797185643,
      "char": "l"
    },
    {
      "timestamp": 1770797185827,
      "char": "i"
    },
    {
      "timestamp": 1770797185979,
      "char": "d"
    },
    {
      "timestamp": 1770797192106,
      "char": " "
    },
    {
      "timestamp": 1770797192658,
      "char": "g"
    },
    {
      "timestamp": 1770797192893,
      "char": "r"
    },
    {
      "timestamp": 1770797192912,
      "char": "a"
    },
    {
      "timestamp": 1770797193170,
      "char": "y"
    },
    {
      "timestamp": 1770797193403,
      "char": ";"
    },
    {
      "timestamp": 1770797232130,
      "char": "d"
    },
    {
      "timestamp": 1770797232652,
      "char": "i"
    },
    {
      "timestamp": 1770797232882,
      "char": "s"
    },
    {
      "timestamp": 1770797233240,
      "char": "p"
    },
    {
      "timestamp": 1770797233471,
      "char": "l"
    },
    {
      "timestamp": 1770797233716,
      "char": "a"
    },
    {
      "timestamp": 1770797233903,
      "char": "y"
    },
    {
      "timestamp": 1770797256987,
      "char": ":"
    },
    {
      "timestamp": 1770797263881,
      "char": "i"
    },
    {
      "timestamp": 1770797266524,
      "char": "n"
    },
    {
      "timestamp": 1770797267240,
      "char": "l"
    },
    {
      "timestamp": 1770797268140,
      "char": "i"
    },
    {
      "timestamp": 1770797269655,
      "char": "n"
    },
    {
      "timestamp": 1770797270881,
      "char": "e"
    },
    {
      "timestamp": 1770797280527,
      "move_to": "MAIN"
    },
    {
      "timestamp": 1770797293024,
      "move_to": "⚓5⚓"
    },
    {
      "timestamp": 1770797299034,
      "char": "↩"
    },
    {
      "timestamp": 1770797310018,
      "code_insert": "margin: 10px;\npadding: 5px;⚓6⚓\nborder: 1px solid gray;\ndisplay: inline-block;⚓29⚓"
    },
    {
      "timestamp": 1770797331028,
      "char": "💾"
    },
    {
      "timestamp": 1770797356021,
      "move_to": "⚓5⚓"
    },
    {
      "timestamp": 1770797362232,
      "char": "↩"
    },
    {
      "timestamp": 1770797366538,
      "char": "/"
    },
    {
      "timestamp": 1770797367162,
      "char": "*"
    },
    {
      "timestamp": 1770797367423,
      "char": " "
    },
    {
      "timestamp": 1770797367747,
      "char": "c"
    },
    {
      "timestamp": 1770797367947,
      "char": "o"
    },
    {
      "timestamp": 1770797368218,
      "char": "m"
    },
    {
      "timestamp": 1770797368643,
      "char": "m"
    },
    {
      "timestamp": 1770797368832,
      "char": "e"
    },
    {
      "timestamp": 1770797369151,
      "char": "n"
    },
    {
      "timestamp": 1770797369365,
      "char": "t"
    },
    {
      "timestamp": 1770797369719,
      "char": "e"
    },
    {
      "timestamp": 1770797370008,
      "char": "d"
    },
    {
      "timestamp": 1770797370234,
      "char": " "
    },
    {
      "timestamp": 1770797370459,
      "char": "s"
    },
    {
      "timestamp": 1770797370717,
      "char": "t"
    },
    {
      "timestamp": 1770797370973,
      "char": "y"
    },
    {
      "timestamp": 1770797371138,
      "char": "l"
    },
    {
      "timestamp": 1770797371424,
      "char": "i"
    },
    {
      "timestamp": 1770797371644,
      "char": "n"
    },
    {
      "timestamp": 1770797371842,
      "char": "g"
    },
    {
      "timestamp": 1770797372001,
      "char": " "
    },
    {
      "timestamp": 1770797372269,
      "char": "-"
    },
    {
      "timestamp": 1770797372440,
      "char": " "
    },
    {
      "timestamp": 1770797372685,
      "char": "n"
    },
    {
      "timestamp": 1770797372856,
      "char": "o"
    },
    {
      "timestamp": 1770797373033,
      "char": "t"
    },
    {
      "timestamp": 1770797373288,
      "char": " "
    },
    {
      "timestamp": 1770797373488,
      "char": "i"
    },
    {
      "timestamp": 1770797373720,
      "char": "n"
    },
    {
      "timestamp": 1770797373936,
      "char": " "
    },
    {
      "timestamp": 1770797374190,
      "char": "u"
    },
    {
      "timestamp": 1770797374460,
      "char": "s"
    },
    {
      "timestamp": 1770797374689,
      "char": "e"
    },
    {
      "timestamp": 1770797375065,
      "char": " "
    },
    {
      "timestamp": 1770797375287,
      "char": "-"
    },
    {
      "timestamp": 1770797375488,
      "char": " "
    },
    {
      "timestamp": 1770797375711,
      "char": "j"
    },
    {
      "timestamp": 1770797375904,
      "char": "u"
    },
    {
      "timestamp": 1770797376110,
      "char": "s"
    },
    {
      "timestamp": 1770797376307,
      "char": "t"
    },
    {
      "timestamp": 1770797376515,
      "char": " "
    },
    {
      "timestamp": 1770797376692,
      "char": "a"
    },
    {
      "timestamp": 1770797376927,
      "char": "n"
    },
    {
      "timestamp": 1770797377119,
      "char": " "
    },
    {
      "timestamp": 1770797377276,
      "char": "e"
    },
    {
      "timestamp": 1770797377478,
      "char": "x"
    },
    {
      "timestamp": 1770797377733,
      "char": "a"
    },
    {
      "timestamp": 1770797377956,
      "char": "m"
    },
    {
      "timestamp": 1770797378167,
      "char": "p"
    },
    {
      "timestamp": 1770797378362,
      "char": "l"
    },
    {
      "timestamp": 1770797378521,
      "char": "e"
    },
    {
      "timestamp": 1770797388763,
      "move_to": "⚓6⚓"
    },
    {
      "timestamp": 1770797395600,
      "char": " "
    },
    {
      "timestamp": 1770797395735,
      "char": "*"
    },
    {
      "timestamp": 1770797396002,
      "char": "/"
    },
    {
      "timestamp": 1770797396187,
      "char": "💾"
    },
    {
      "timestamp": 1770797618121,
      "move_to": "⚓1⚓"
    },
    {
      "timestamp": 1770797618367,
      "char": "↩"
    },
    {
      "timestamp": 1770797618215,
      "char": "↩"
    },
    {
      "timestamp": 1770797618592,
      "char": "<"
    },
    {
      "timestamp": 1770797619208,
      "char": "d"
    },
    {
      "timestamp": 1770797619487,
      "char": "i"
    },
    {
      "timestamp": 1770797619615,
      "char": "v"
    },
    {
      "timestamp": 1770797619819,
      "anchor": "⚓27⚓"
    },
    {
      "timestamp": 1770797620081,
      "char": ">"
    },
    {
      "timestamp": 1770797620180,
      "char": "↓"
    },
    {
      "timestamp": 1770797620286,
      "char": "⇓"
    },
    {
      "timestamp": 1770797620393,
      "char": "⇓"
    },
    {
      "timestamp": 1770797620505,
      "char": "⇓"
    },
    {
      "timestamp": 1770797620605,
      "char": "⇓"
    },
    {
      "timestamp": 1770797620681,
      "char": "⇓"
    },
    {
      "timestamp": 1770797620785,
      "char": "⇓"
    },
    {
      "timestamp": 1770797620907,
      "char": "⇓"
    },
    {
      "timestamp": 1770797621054,
      "char": "―"
    },
    {
      "timestamp": 1770797621188,
      "char": "►"
    },
    {
      "timestamp": 1770797621286,
      "char": "↩"
    },
    {
      "timestamp": 1770797626092,
      "char": "<"
    },
    {
      "timestamp": 1770797626213,
      "char": "/"
    },
    {
      "timestamp": 1770797626354,
      "char": "d"
    },
    {
      "timestamp": 1770797626488,
      "char": "i"
    },
    {
      "timestamp": 1770797626750,
      "char": "v"
    },
    {
      "timestamp": 1770797626973,
      "char": ">"
    },
    {
      "timestamp": 1770797627257,
      "char": "💾"
    },
    {
      "timestamp": 1770797666127,
      "interaction": "teacher-question",
      "info": "Why are the cells vertical again?"
    },
    {
      "timestamp": 1770797760050,
      "move_to": "⚓7⚓"
    },
    {
      "timestamp": 1770797760448,
      "char": "⌫"
    },
    {
      "timestamp": 1770797760723,
      "char": "⌫"
    },
    {
      "timestamp": 1770797761112,
      "char": "⌫"
    },
    {
      "timestamp": 1770797762523,
      "char": "."
    },
    {
      "timestamp": 1770797762935,
      "char": "c"
    },
    {
      "timestamp": 1770797763151,
      "char": "e"
    },
    {
      "timestamp": 1770797763216,
      "char": "l"
    },
    {
      "timestamp": 1770797763341,
      "char": "l"
    },
    {
      "timestamp": 1770797773235,
      "char": "↑"
    },
    {
      "timestamp": 1770797773606,
      "char": "►"
    },
    {
      "timestamp": 1770797773893,
      "char": "\n"
    },
    {
      "timestamp": 1770797774163,
      "char": "/"
    },
    {
      "timestamp": 1770797774371,
      "char": "*"
    },
    {
      "timestamp": 1770797774559,
      "char": " "
    },
    {
      "timestamp": 1770797774666,
      "char": "C"
    },
    {
      "timestamp": 1770797774857,
      "char": "S"
    },
    {
      "timestamp": 1770797774933,
      "char": "S"
    },
    {
      "timestamp": 1770797775013,
      "char": " "
    },
    {
      "timestamp": 1770797775267,
      "char": "c"
    },
    {
      "timestamp": 1770797775543,
      "char": "l"
    },
    {
      "timestamp": 1770797775610,
      "char": "a"
    },
    {
      "timestamp": 1770797775790,
      "char": "s"
    },
    {
      "timestamp": 1770797775905,
      "char": "s"
    },
    {
      "timestamp": 1770797775985,
      "char": " "
    },
    {
      "timestamp": 1770797776270,
      "char": "*"
    },
    {
      "timestamp": 1770797776495,
      "char": "/"
    },
    {
      "timestamp": 1770797776777,
      "char": "💾"
    },
    {
      "timestamp": 1770797798829,
      "move_to": "⚓8⚓"
    },
    {
      "timestamp": 1770797803902,
      "char": " "
    },
    {
      "timestamp": 1770797803914,
      "char": "c"
    },
    {
      "timestamp": 1770797804044,
      "char": "l"
    },
    {
      "timestamp": 1770797804193,
      "char": "a"
    },
    {
      "timestamp": 1770797804310,
      "char": "s"
    },
    {
      "timestamp": 1770797804480,
      "char": "s"
    },
    {
      "timestamp": 1770797804581,
      "char": "="
    },
    {
      "timestamp": 1770797804721,
      "char": "\""
    },
    {
      "timestamp": 1770797804969,
      "char": "c"
    },
    {
      "timestamp": 1770797805192,
      "char": "e"
    },
    {
      "timestamp": 1770797805319,
      "char": "l"
    },
    {
      "timestamp": 1770797805428,
      "char": "l"
    },
    {
      "timestamp": 1770797805539,
      "anchor": "⚓18⚓"
    },
    {
      "timestamp": 1770797805679,
      "char": "\""
    },
    {
      "timestamp": 1770797835929,
      "move_to": "⚓9⚓"
    },
    {
      "timestamp": 1770797836149,
      "code_insert": " class=\"cell⚓19⚓\""
    },
    {
      "timestamp": 1770797837454,
      "move_to": "⚓10⚓"
    },
    {
      "timestamp": 1770797838723,
      "code_insert": " class=\"cell⚓20⚓\""
    },
    {
      "timestamp": 1770797839962,
      "move_to": "⚓11⚓"
    },
    {
      "timestamp": 1770797840194,
      "code_insert": " class=\"cell⚓21⚓\""
    },
    {
      "timestamp": 1770797841412,
      "move_to": "⚓12⚓"
    },
    {
      "timestamp": 1770797842679,
      "code_insert": " class=\"cell⚓22⚓\""
    },
    {
      "timestamp": 1770797843889,
      "move_to": "⚓13⚓"
    },
    {
      "timestamp": 1770797844151,
      "code_insert": " class=\"cell⚓23⚓\""
    },
    {
      "timestamp": 1770797845362,
      "move_to": "⚓14⚓"
    },
    {
      "timestamp": 1770797846600,
      "code_insert": " class=\"cell⚓24⚓\""
    },
    {
      "timestamp": 1770797847841,
      "move_to": "⚓15⚓"
    },
    {
      "timestamp": 1770797848067,
      "code_insert": " class=\"cell⚓25⚓\""
    },
    {
      "timestamp": 1770797849263,
      "char": "💾"
    },
    {
      "timestamp": 1770797919608,
      "move_to": "⚓27⚓"
    },
    {
      "timestamp": 1770797939801,
      "char": " "
    },
    {
      "timestamp": 1770797939826,
      "char": "i"
    },
    {
      "timestamp": 1770797940247,
      "char": "d"
    },
    {
      "timestamp": 1770797940451,
      "char": "="
    },
    {
      "timestamp": 1770797940649,
      "char": "\""
    },
    {
      "timestamp": 1770797940837,
      "char": "c"
    },
    {
      "timestamp": 1770797941077,
      "char": "h"
    },
    {
      "timestamp": 1770797941297,
      "char": "e"
    },
    {
      "timestamp": 1770797941533,
      "char": "s"
    },
    {
      "timestamp": 1770797941762,
      "char": "s"
    },
    {
      "timestamp": 1770797941973,
      "char": "-"
    },
    {
      "timestamp": 1770797942203,
      "char": "b"
    },
    {
      "timestamp": 1770797942608,
      "char": "o"
    },
    {
      "timestamp": 1770797942802,
      "char": "a"
    },
    {
      "timestamp": 1770797943064,
      "char": "r"
    },
    {
      "timestamp": 1770797943204,
      "char": "d"
    },
    {
      "timestamp": 1770797943420,
      "char": "\""
    },
    {
      "timestamp": 1770797944047,
      "char": "💾"
    },
    {
      "timestamp": 1770797944370,
      "move_to": "⚓28⚓"
    },
    {
      "timestamp": 1770797944693,
      "char": "↩"
    },
    {
      "timestamp": 1770797958947,
      "char": "/"
    },
    {
      "timestamp": 1770797959228,
      "char": "*"
    },
    {
      "timestamp": 1770797959460,
      "char": " "
    },
    {
      "timestamp": 1770797959713,
      "char": "s"
    },
    {
      "timestamp": 1770797959907,
      "char": "t"
    },
    {
      "timestamp": 1770797960114,
      "char": "y"
    },
    {
      "timestamp": 1770797960334,
      "char": "l"
    },
    {
      "timestamp": 1770797960549,
      "char": "i"
    },
    {
      "timestamp": 1770797960702,
      "char": "n"
    },
    {
      "timestamp": 1770797960901,
      "char": "g"
    },
    {
      "timestamp": 1770797961055,
      "char": " "
    },
    {
      "timestamp": 1770797961201,
      "char": "b"
    },
    {
      "timestamp": 1770797961333,
      "char": "y"
    },
    {
      "timestamp": 1770797961575,
      "char": " "
    },
    {
      "timestamp": 1770797961751,
      "char": "I"
    },
    {
      "timestamp": 1770797961998,
      "char": "D"
    },
    {
      "timestamp": 1770797962179,
      "char": " "
    },
    {
      "timestamp": 1770797962443,
      "char": "*"
    },
    {
      "timestamp": 1770797962791,
      "char": "/"
    },
    {
      "timestamp": 1770797963236,
      "char": "\n"
    },
    {
      "timestamp": 1770797966647,
      "char": "#"
    },
    {
      "timestamp": 1770797970504,
      "char": "c"
    },
    {
      "timestamp": 1770797970737,
      "char": "h"
    },
    {
      "timestamp": 1770797970919,
      "char": "e"
    },
    {
      "timestamp": 1770797971151,
      "char": "s"
    },
    {
      "timestamp": 1770797971372,
      "char": "s"
    },
    {
      "timestamp": 1770797971521,
      "char": "-"
    },
    {
      "timestamp": 1770797971733,
      "char": "b"
    },
    {
      "timestamp": 1770797971915,
      "char": "o"
    },
    {
      "timestamp": 1770797972118,
      "char": "a"
    },
    {
      "timestamp": 1770797972416,
      "char": "r"
    },
    {
      "timestamp": 1770797972570,
      "char": "d"
    },
    {
      "timestamp": 1770797972998,
      "char": " "
    },
    {
      "timestamp": 1770797976298,
      "char": "{"
    },
    {
      "timestamp": 1770797976682,
      "char": "\n"
    },
    {
      "timestamp": 1770797977045,
      "char": "}"
    },
    {
      "timestamp": 1770797977317,
      "char": "↩"
    },
    {
      "timestamp": 1770797977582,
      "char": "↑"
    },
    {
      "timestamp": 1770797977690,
      "char": "↑"
    },
    {
      "timestamp": 1770797977890,
      "char": "►"
    },
    {
      "timestamp": 1770797978081,
      "char": "\n"
    },
    {
      "timestamp": 1770797978477,
      "char": "w"
    },
    {
      "timestamp": 1770797978715,
      "char": "i"
    },
    {
      "timestamp": 1770797978920,
      "char": "d"
    },
    {
      "timestamp": 1770797979090,
      "char": "t"
    },
    {
      "timestamp": 1770797979292,
      "char": "h"
    },
    {
      "timestamp": 1770797979478,
      "char": ":"
    },
    {
      "timestamp": 1770797979715,
      "char": " "
    },
    {
      "timestamp": 1770797979912,
      "char": "4"
    },
    {
      "timestamp": 1770797980128,
      "char": "0"
    },
    {
      "timestamp": 1770797980337,
      "char": "0"
    },
    {
      "timestamp": 1770797980516,
      "char": "p"
    },
    {
      "timestamp": 1770797980969,
      "char": "x"
    },
    {
      "timestamp": 1770797981692,
      "char": ";"
    },
    {
      "timestamp": 1770797984415,
      "anchor": "⚓37⚓"
    },
    {
      "timestamp": 1770797984999,
      "char": "💾"
    },
    {
      "timestamp": 1770798012942,
      "char": "\n"
    },
    {
      "timestamp": 1770798013870,
      "char": "f"
    },
    {
      "timestamp": 1770798014086,
      "char": "o"
    },
    {
      "timestamp": 1770798014222,
      "char": "n"
    },
    {
      "timestamp": 1770798014395,
      "char": "t"
    },
    {
      "timestamp": 1770798014552,
      "char": "-"
    },
    {
      "timestamp": 1770798014658,
      "char": "s"
    },
    {
      "timestamp": 1770798014823,
      "char": "i"
    },
    {
      "timestamp": 1770798014918,
      "char": "z"
    },
    {
      "timestamp": 1770798015009,
      "char": "e"
    },
    {
      "timestamp": 1770798015151,
      "char": ":"
    },
    {
      "timestamp": 1770798015374,
      "char": " "
    },
    {
      "timestamp": 1770798015516,
      "char": "0"
    },
    {
      "timestamp": 1770798015743,
      "char": ";"
    },
    {
      "timestamp": 1770798015872,
      "anchor": "⚓38⚓"
    },
    {
      "timestamp": 1770798015975,
      "char": "💾"
    },
    {
      "timestamp": 1770798058929,
      "interaction": "teacher-question",
      "info": "Why don't 8 cells fit?"
    },
    {
      "timestamp": 1770798183320,
      "move_to": "⚓37⚓"
    },
    {
      "timestamp": 1770798187806,
      "char": "⌫"
    },
    {
      "timestamp": 1770798187940,
      "char": "⌫"
    },
    {
      "timestamp": 1770798188198,
      "char": "⌫"
    },
    {
      "timestamp": 1770798188373,
      "char": "⌫"
    },
    {
      "timestamp": 1770798188533,
      "char": "⌫"
    },
    {
      "timestamp": 1770798188698,
      "char": "⌫"
    },
    {
      "timestamp": 1770798188837,
      "char": "4"
    },
    {
      "timestamp": 1770798188961,
      "char": "3"
    },
    {
      "timestamp": 1770798189100,
      "char": "2"
    },
    {
      "timestamp": 1770798189236,
      "char": "p"
    },
    {
      "timestamp": 1770798189377,
      "char": "x"
    },
    {
      "timestamp": 1770798189515,
      "char": ";"
    },
    {
      "timestamp": 1770798189635,
      "char": "💾"
    },
    {
      "timestamp": 1770798229353,
      "move_to": "⚓29⚓"
    },
    {
      "timestamp": 1770798229551,
      "char": "↩"
    },
    {
      "timestamp": 1770798230802,
      "char": "b"
    },
    {
      "timestamp": 1770798231030,
      "char": "o"
    },
    {
      "timestamp": 1770798231197,
      "char": "x"
    },
    {
      "timestamp": 1770798231319,
      "char": "-"
    },
    {
      "timestamp": 1770798231457,
      "char": "s"
    },
    {
      "timestamp": 1770798231553,
      "char": "i"
    },
    {
      "timestamp": 1770798231675,
      "char": "z"
    },
    {
      "timestamp": 1770798231854,
      "char": "i"
    },
    {
      "timestamp": 1770798231985,
      "char": "n"
    },
    {
      "timestamp": 1770798232062,
      "char": "g"
    },
    {
      "timestamp": 1770798232283,
      "char": ":"
    },
    {
      "timestamp": 1770798232507,
      "char": " "
    },
    {
      "timestamp": 1770798232674,
      "char": "b"
    },
    {
      "timestamp": 1770798232847,
      "char": "o"
    },
    {
      "timestamp": 1770798232973,
      "char": "r"
    },
    {
      "timestamp": 1770798233147,
      "char": "d"
    },
    {
      "timestamp": 1770798233216,
      "char": "e"
    },
    {
      "timestamp": 1770798233297,
      "char": "r"
    },
    {
      "timestamp": 1770798233510,
      "char": "-"
    },
    {
      "timestamp": 1770798233604,
      "char": "b"
    },
    {
      "timestamp": 1770798233657,
      "char": "o"
    },
    {
      "timestamp": 1770798233913,
      "char": "x"
    },
    {
      "timestamp": 1770798233962,
      "char": ";"
    },
    {
      "timestamp": 1770798234035,
      "char": " "
    },
    {
      "timestamp": 1770798238250,
      "char": "/"
    },
    {
      "timestamp": 1770798238429,
      "char": "*"
    },
    {
      "timestamp": 1770798238640,
      "char": " "
    },
    {
      "timestamp": 1770798238812,
      "char": "s"
    },
    {
      "timestamp": 1770798238937,
      "char": "i"
    },
    {
      "timestamp": 1770798239040,
      "char": "z"
    },
    {
      "timestamp": 1770798239130,
      "char": "e"
    },
    {
      "timestamp": 1770798239247,
      "char": " "
    },
    {
      "timestamp": 1770798239432,
      "char": "i"
    },
    {
      "timestamp": 1770798239581,
      "char": "n"
    },
    {
      "timestamp": 1770798239623,
      "char": "c"
    },
    {
      "timestamp": 1770798239704,
      "char": "l"
    },
    {
      "timestamp": 1770798239792,
      "char": "u"
    },
    {
      "timestamp": 1770798239945,
      "char": "d"
    },
    {
      "timestamp": 1770798240025,
      "char": "e"
    },
    {
      "timestamp": 1770798240122,
      "char": "s"
    },
    {
      "timestamp": 1770798240214,
      "char": " "
    },
    {
      "timestamp": 1770798240376,
      "char": "p"
    },
    {
      "timestamp": 1770798240413,
      "char": "a"
    },
    {
      "timestamp": 1770798240498,
      "char": "d"
    },
    {
      "timestamp": 1770798240614,
      "char": "d"
    },
    {
      "timestamp": 1770798240762,
      "char": "i"
    },
    {
      "timestamp": 1770798240809,
      "char": "n"
    },
    {
      "timestamp": 1770798240908,
      "char": "g"
    },
    {
      "timestamp": 1770798241024,
      "char": " "
    },
    {
      "timestamp": 1770798241157,
      "char": "a"
    },
    {
      "timestamp": 1770798241166,
      "char": "n"
    },
    {
      "timestamp": 1770798241276,
      "char": "d"
    },
    {
      "timestamp": 1770798241367,
      "char": " "
    },
    {
      "timestamp": 1770798241464,
      "char": "b"
    },
    {
      "timestamp": 1770798241541,
      "char": "o"
    },
    {
      "timestamp": 1770798241623,
      "char": "r"
    },
    {
      "timestamp": 1770798241793,
      "char": "d"
    },
    {
      "timestamp": 1770798241931,
      "char": "e"
    },
    {
      "timestamp": 1770798242147,
      "char": "r"
    },
    {
      "timestamp": 1770798242290,
      "char": " "
    },
    {
      "timestamp": 1770798242532,
      "char": "*"
    },
    {
      "timestamp": 1770798242835,
      "char": "/"
    },
    {
      "timestamp": 1770798243331,
      "char": "💾"
    },
    {
      "timestamp": 1770798264012,
      "move_to": "⚓37⚓"
    },
    {
      "timestamp": 1770798267794,
      "char": "⌫"
    },
    {
      "timestamp": 1770798268006,
      "char": "⌫"
    },
    {
      "timestamp": 1770798268193,
      "char": "⌫"
    },
    {
      "timestamp": 1770798268390,
      "char": "⌫"
    },
    {
      "timestamp": 1770798268577,
      "char": "⌫"
    },
    {
      "timestamp": 1770798268765,
      "char": "⌫"
    },
    {
      "timestamp": 1770798268988,
      "char": "4"
    },
    {
      "timestamp": 1770798269100,
      "char": "0"
    },
    {
      "timestamp": 1770798269230,
      "char": "0"
    },
    {
      "timestamp": 1770798269350,
      "char": "p"
    },
    {
      "timestamp": 1770798269498,
      "char": "x"
    },
    {
      "timestamp": 1770798269589,
      "char": ";"
    },
    {
      "timestamp": 1770798341804,
      "move_to": "⚓38⚓"
    },
    {
      "timestamp": 1770798347777,
      "char": "↩"
    },
    {
      "timestamp": 1770798347946,
      "char": "d"
    },
    {
      "timestamp": 1770798348309,
      "char": "i"
    },
    {
      "timestamp": 1770798348457,
      "char": "s"
    },
    {
      "timestamp": 1770798348710,
      "char": "p"
    },
    {
      "timestamp": 1770798348798,
      "char": "l"
    },
    {
      "timestamp": 1770798348903,
      "char": "a"
    },
    {
      "timestamp": 1770798349056,
      "char": "y"
    },
    {
      "timestamp": 1770798349159,
      "char": ":"
    },
    {
      "timestamp": 1770798349524,
      "char": " "
    },
    {
      "timestamp": 1770798349608,
      "char": "f"
    },
    {
      "timestamp": 1770798349803,
      "char": "l"
    },
    {
      "timestamp": 1770798349888,
      "char": "e"
    },
    {
      "timestamp": 1770798349961,
      "char": "x"
    },
    {
      "timestamp": 1770798350199,
      "char": ";"
    },
    {
      "timestamp": 1770798350334,
      "char": "💾"
    },
    {
      "timestamp": 1770798350665,
      "char": "\n"
    },
    {
      "timestamp": 1770798350997,
      "char": "f"
    },
    {
      "timestamp": 1770798351181,
      "char": "l"
    },
    {
      "timestamp": 1770798351360,
      "char": "e"
    },
    {
      "timestamp": 1770798351452,
      "char": "x"
    },
    {
      "timestamp": 1770798351611,
      "char": "-"
    },
    {
      "timestamp": 1770798351712,
      "char": "w"
    },
    {
      "timestamp": 1770798351791,
      "char": "r"
    },
    {
      "timestamp": 1770798352046,
      "char": "a"
    },
    {
      "timestamp": 1770798352332,
      "char": "p"
    },
    {
      "timestamp": 1770798352460,
      "char": ":"
    },
    {
      "timestamp": 1770798352548,
      "char": " "
    },
    {
      "timestamp": 1770798352787,
      "char": "w"
    },
    {
      "timestamp": 1770798352992,
      "char": "r"
    },
    {
      "timestamp": 1770798353073,
      "char": "a"
    },
    {
      "timestamp": 1770798353144,
      "char": "p"
    },
    {
      "timestamp": 1770798353393,
      "char": ";"
    },
    {
      "timestamp": 1770798353746,
      "char": "💾"
    },
    {
      "timestamp": 1770798401290,
      "move_to": "⚓38⚓"
    },
    {
      "timestamp": 1770798402243,
      "char": "⛔"
    },
    {
      "timestamp": 1770798405610,
      "move_to": "⚓29⚓"
    },
    {
      "timestamp": 1770798405834,
      "char": "⛔"
    },
    {
      "timestamp": 1770798406226,
      "char": "💾"
    },
    {
      "timestamp": 1770798496011,
      "move_to": "⚓30⚓"
    },
    {
      "timestamp": 1770798496343,
      "char": "↩"
    },
    {
      "timestamp": 1770798496576,
      "char": "↩"
    },
    {
      "timestamp": 1770798496770,
      "char": "."
    },
    {
      "timestamp": 1770798497075,
      "char": "l"
    },
    {
      "timestamp": 1770798497240,
      "char": "i"
    },
    {
      "timestamp": 1770798497507,
      "char": "g"
    },
    {
      "timestamp": 1770798497661,
      "char": "h"
    },
    {
      "timestamp": 1770798497862,
      "char": "t"
    },
    {
      "timestamp": 1770798498070,
      "char": " "
    },
    {
      "timestamp": 1770798498209,
      "char": "{"
    },
    {
      "timestamp": 1770798498501,
      "char": "\n"
    },
    {
      "timestamp": 1770798498655,
      "char": "}"
    },
    {
      "timestamp": 1770798499163,
      "char": "↑"
    },
    {
      "timestamp": 1770798501852,
      "char": "►"
    },
    {
      "timestamp": 1770798502526,
      "char": "\n"
    },
    {
      "timestamp": 1770798502927,
      "char": "b"
    },
    {
      "timestamp": 1770798503183,
      "char": "a"
    },
    {
      "timestamp": 1770798503450,
      "char": "c"
    },
    {
      "timestamp": 1770798503636,
      "char": "k"
    },
    {
      "timestamp": 1770798503772,
      "char": "g"
    },
    {
      "timestamp": 1770798503983,
      "char": "r"
    },
    {
      "timestamp": 1770798504088,
      "char": "o"
    },
    {
      "timestamp": 1770798504339,
      "char": "u"
    },
    {
      "timestamp": 1770798504403,
      "char": "n"
    },
    {
      "timestamp": 1770798504658,
      "char": "d"
    },
    {
      "timestamp": 1770798504737,
      "char": "-"
    },
    {
      "timestamp": 1770798504996,
      "char": "c"
    },
    {
      "timestamp": 1770798505092,
      "char": "o"
    },
    {
      "timestamp": 1770798505306,
      "char": "l"
    },
    {
      "timestamp": 1770798505421,
      "char": "o"
    },
    {
      "timestamp": 1770798505672,
      "char": "r"
    },
    {
      "timestamp": 1770798505796,
      "char": ":"
    },
    {
      "timestamp": 1770798506064,
      "char": " "
    },
    {
      "timestamp": 1770798506143,
      "char": "w"
    },
    {
      "timestamp": 1770798506401,
      "char": "h"
    },
    {
      "timestamp": 1770798506485,
      "char": "i"
    },
    {
      "timestamp": 1770798506732,
      "char": "t"
    },
    {
      "timestamp": 1770798506840,
      "char": "e"
    },
    {
      "timestamp": 1770798507188,
      "char": ";"
    },
    {
      "timestamp": 1770798507255,
      "char": "↓"
    },
    {
      "timestamp": 1770798507845,
      "char": "►"
    },
    {
      "timestamp": 1770798508318,
      "char": "↩"
    },
    {
      "timestamp": 1770798508663,
      "char": "\n"
    },
    {
      "timestamp": 1770798508950,
      "char": "."
    },
    {
      "timestamp": 1770798509170,
      "char": "d"
    },
    {
      "timestamp": 1770798509407,
      "char": "a"
    },
    {
      "timestamp": 1770798509595,
      "char": "r"
    },
    {
      "timestamp": 1770798509719,
      "char": "k"
    },
    {
      "timestamp": 1770798509936,
      "char": " "
    },
    {
      "timestamp": 1770798510015,
      "char": "{"
    },
    {
      "timestamp": 1770798510266,
      "char": "\n"
    },
    {
      "timestamp": 1770798510345,
      "char": "}"
    },
    {
      "timestamp": 1770798510438,
      "anchor": "⚓36⚓"
    },
    {
      "timestamp": 1770798510576,
      "char": "↑"
    },
    {
      "timestamp": 1770798510961,
      "char": "►"
    },
    {
      "timestamp": 1770798511188,
      "char": "\n"
    },
    {
      "timestamp": 1770798523186,
      "char": "b"
    },
    {
      "timestamp": 1770798523309,
      "char": "a"
    },
    {
      "timestamp": 1770798523411,
      "char": "c"
    },
    {
      "timestamp": 1770798523682,
      "char": "k"
    },
    {
      "timestamp": 1770798523722,
      "char": "g"
    },
    {
      "timestamp": 1770798523950,
      "char": "r"
    },
    {
      "timestamp": 1770798524313,
      "char": "o"
    },
    {
      "timestamp": 1770798524483,
      "char": "u"
    },
    {
      "timestamp": 1770798524603,
      "char": "n"
    },
    {
      "timestamp": 1770798524763,
      "char": "d"
    },
    {
      "timestamp": 1770798524853,
      "char": "-"
    },
    {
      "timestamp": 1770798524984,
      "char": "c"
    },
    {
      "timestamp": 1770798525134,
      "char": "o"
    },
    {
      "timestamp": 1770798525249,
      "char": "l"
    },
    {
      "timestamp": 1770798525420,
      "char": "o"
    },
    {
      "timestamp": 1770798525540,
      "char": "r"
    },
    {
      "timestamp": 1770798525637,
      "char": ":"
    },
    {
      "timestamp": 1770798525782,
      "char": " "
    },
    {
      "timestamp": 1770798526004,
      "char": "b"
    },
    {
      "timestamp": 1770798526390,
      "char": "l"
    },
    {
      "timestamp": 1770798526566,
      "char": "a"
    },
    {
      "timestamp": 1770798526709,
      "char": "c"
    },
    {
      "timestamp": 1770798526937,
      "char": "k"
    },
    {
      "timestamp": 1770798527044,
      "char": ";"
    },
    {
      "timestamp": 1770798527178,
      "char": "💾"
    },
    {
      "timestamp": 1770798548579,
      "move_to": "⚓18⚓"
    },
    {
      "timestamp": 1770798548783,
      "char": " "
    },
    {
      "timestamp": 1770798549116,
      "char": "l"
    },
    {
      "timestamp": 1770798549250,
      "char": "i"
    },
    {
      "timestamp": 1770798549412,
      "char": "g"
    },
    {
      "timestamp": 1770798549729,
      "char": "h"
    },
    {
      "timestamp": 1770798550001,
      "char": "t"
    },
    {
      "timestamp": 1770798552006,
      "move_to": "⚓19⚓"
    },
    {
      "timestamp": 1770798552359,
      "char": " "
    },
    {
      "timestamp": 1770798552534,
      "char": "d"
    },
    {
      "timestamp": 1770798552900,
      "char": "a"
    },
    {
      "timestamp": 1770798553043,
      "char": "r"
    },
    {
      "timestamp": 1770798553127,
      "char": "k"
    },
    {
      "timestamp": 1770798563363,
      "move_to": "⚓20⚓"
    },
    {
      "timestamp": 1770798565632,
      "code_insert": " light"
    },
    {
      "timestamp": 1770798567929,
      "move_to": "⚓21⚓"
    },
    {
      "timestamp": 1770798569316,
      "code_insert": " dark"
    },
    {
      "timestamp": 1770798571285,
      "move_to": "⚓22⚓"
    },
    {
      "timestamp": 1770798573965,
      "code_insert": " light"
    },
    {
      "timestamp": 1770798575309,
      "move_to": "⚓23⚓"
    },
    {
      "timestamp": 1770798577614,
      "code_insert": " dark"
    },
    {
      "timestamp": 1770798579952,
      "move_to": "⚓24⚓"
    },
    {
      "timestamp": 1770798581275,
      "code_insert": " light"
    },
    {
      "timestamp": 1770798583582,
      "move_to": "⚓25⚓"
    },
    {
      "timestamp": 1770798585835,
      "code_insert": " dark"
    },
    {
      "timestamp": 1770798628241,
      "char": "►"
    },
    {
      "timestamp": 1770798628685,
      "char": "↩"
    },
    {
      "timestamp": 1770798628913,
      "char": "↩"
    },
    {
      "timestamp": 1770798631122,
      "code_insert": "<div class=\"cell dark⚓32⚓\"></div>"
    },
    {
      "timestamp": 1770798634572,
      "code_insert": "↩<div class=\"cell light\"></div>\n<div class=\"cell dark\"></div>\n<div class=\"cell light\"></div>\n<div class=\"cell dark\"></div>\n<div class=\"cell light\"></div>\n<div class=\"cell dark\"></div>\n<div class=\"cell light\"></div>"
    },
    {
      "timestamp": 1770798638662,
      "code_insert": "↩↩<div class=\"cell light\"></div>\n<div class=\"cell dark\"></div>\n<div class=\"cell light\"></div>\n<div class=\"cell dark\"></div>\n<div class=\"cell light\"></div>\n<div class=\"cell dark\"></div>\n<div class=\"cell light\"></div>\n<div class=\"cell dark\"></div>\n\n<div class=\"cell dark⚓33⚓\"></div>\n<div class=\"cell light\"></div>\n<div class=\"cell dark\"></div>\n<div class=\"cell light\"></div>\n<div class=\"cell dark\"></div>\n<div class=\"cell light\"></div>\n<div class=\"cell dark\"></div>\n<div class=\"cell light\"></div>"
    },
    {
      "timestamp": 1770798639123,
      "code_insert": "↩↩<div class=\"cell light\"></div>\n<div class=\"cell dark\"></div>\n<div class=\"cell light\"></div>\n<div class=\"cell dark\"></div>\n<div class=\"cell light\"></div>\n<div class=\"cell dark\"></div>\n<div class=\"cell light\"></div>\n<div class=\"cell dark\"></div>\n\n<div class=\"cell dark⚓34⚓\"></div>\n<div class=\"cell light\"></div>\n<div class=\"cell dark\"></div>\n<div class=\"cell light\"></div>\n<div class=\"cell dark\"></div>\n<div class=\"cell light\"></div>\n<div class=\"cell dark\"></div>\n<div class=\"cell light\"></div>"
    },
    {
      "timestamp": 1770798639779,
      "code_insert": "↩↩<div class=\"cell light\"></div>\n<div class=\"cell dark\"></div>\n<div class=\"cell light\"></div>\n<div class=\"cell dark\"></div>\n<div class=\"cell light\"></div>\n<div class=\"cell dark\"></div>\n<div class=\"cell light\"></div>\n<div class=\"cell dark\"></div>\n\n<div class=\"cell dark⚓35⚓\"></div>\n<div class=\"cell light\"></div>\n<div class=\"cell dark\"></div>\n<div class=\"cell light\"></div>\n<div class=\"cell dark\"></div>\n<div class=\"cell light\"></div>\n<div class=\"cell dark\"></div>\n<div class=\"cell light\"></div>"
    },
    {
      "timestamp": 1770799009200,
      "move_to": "⚓31⚓"
    },
    {
      "timestamp": 1770799009951,
      "char": "⛔"
    },
    {
      "timestamp": 1770799162230,
      "move_to": "⚓36⚓"
    },
    {
      "timestamp": 1770799162555,
      "char": "↩"
    },
    {
      "timestamp": 1770799162626,
      "char": "↩"
    },
    {
      "timestamp": 1770799162910,
      "char": "."
    },
    {
      "timestamp": 1770799163210,
      "char": "l"
    },
    {
      "timestamp": 1770799163318,
      "char": "e"
    },
    {
      "timestamp": 1770799163574,
      "char": "f"
    },
    {
      "timestamp": 1770799163738,
      "char": "t"
    },
    {
      "timestamp": 1770799163809,
      "char": "-"
    },
    {
      "timestamp": 1770799164219,
      "char": "o"
    },
    {
      "timestamp": 1770799164392,
      "char": "f"
    },
    {
      "timestamp": 1770799164515,
      "char": "f"
    },
    {
      "timestamp": 1770799164612,
      "char": "s"
    },
    {
      "timestamp": 1770799164872,
      "char": "e"
    },
    {
      "timestamp": 1770799165121,
      "char": "t"
    },
    {
      "timestamp": 1770799165695,
      "char": " "
    },
    {
      "timestamp": 1770799166086,
      "char": "{"
    },
    {
      "timestamp": 1770799166437,
      "char": "\n"
    },
    {
      "timestamp": 1770799166734,
      "char": "}"
    },
    {
      "timestamp": 1770799167048,
      "char": "↑"
    },
    {
      "timestamp": 1770799167334,
      "char": "►"
    },
    {
      "timestamp": 1770799168260,
      "char": "\n"
    },
    {
      "timestamp": 1770799168939,
      "char": "m"
    },
    {
      "timestamp": 1770799169207,
      "char": "a"
    },
    {
      "timestamp": 1770799169417,
      "char": "r"
    },
    {
      "timestamp": 1770799169543,
      "char": "g"
    },
    {
      "timestamp": 1770799169693,
      "char": "i"
    },
    {
      "timestamp": 1770799169939,
      "char": "n"
    },
    {
      "timestamp": 1770799170002,
      "char": "-"
    },
    {
      "timestamp": 1770799170113,
      "char": "l"
    },
    {
      "timestamp": 1770799170523,
      "char": "e"
    },
    {
      "timestamp": 1770799170760,
      "char": "f"
    },
    {
      "timestamp": 1770799170891,
      "char": "t"
    },
    {
      "timestamp": 1770799170992,
      "char": ":"
    },
    {
      "timestamp": 1770799171325,
      "char": " "
    },
    {
      "timestamp": 1770799171537,
      "char": "2"
    },
    {
      "timestamp": 1770799171669,
      "char": "5"
    },
    {
      "timestamp": 1770799171772,
      "char": "p"
    },
    {
      "timestamp": 1770799172003,
      "char": "x"
    },
    {
      "timestamp": 1770799172366,
      "char": ";"
    },
    {
      "timestamp": 1770799219130,
      "move_to": "⚓32⚓"
    },
    {
      "timestamp": 1770799219553,
      "char": " "
    },
    {
      "timestamp": 1770799219749,
      "char": "l"
    },
    {
      "timestamp": 1770799219923,
      "char": "e"
    },
    {
      "timestamp": 1770799220109,
      "char": "f"
    },
    {
      "timestamp": 1770799220194,
      "char": "t"
    },
    {
      "timestamp": 1770799220358,
      "char": "-"
    },
    {
      "timestamp": 1770799220463,
      "char": "o"
    },
    {
      "timestamp": 1770799220546,
      "char": "f"
    },
    {
      "timestamp": 1770799220757,
      "char": "f"
    },
    {
      "timestamp": 1770799220928,
      "char": "s"
    },
    {
      "timestamp": 1770799221072,
      "char": "e"
    },
    {
      "timestamp": 1770799221332,
      "char": "t"
    },
    {
      "timestamp": 1770799236133,
      "move_to": "⚓33⚓"
    },
    {
      "timestamp": 1770799238680,
      "code_insert": " left-offset"
    },
    {
      "timestamp": 1770799240221,
      "move_to": "⚓34⚓"
    },
    {
      "timestamp": 1770799242524,
      "code_insert": " left-offset"
    },
    {
      "timestamp": 1770799244941,
      "move_to": "⚓35⚓"
    },
    {
      "timestamp": 1770799246315,
      "code_insert": " left-offset"
    },
    {
      "timestamp": 1770799260723,
      "move_to": "⚓37⚓"
    },
    {
      "timestamp": 1770799261332,
      "char": "⌫"
    },
    {
      "timestamp": 1770799261537,
      "char": "⌫"
    },
    {
      "timestamp": 1770799261766,
      "char": "⌫"
    },
    {
      "timestamp": 1770799261979,
      "char": "⌫"
    },
    {
      "timestamp": 1770799262102,
      "char": "⌫"
    },
    {
      "timestamp": 1770799262342,
      "char": "⌫"
    },
    {
      "timestamp": 1770799262527,
      "char": "4"
    },
    {
      "timestamp": 1770799262731,
      "char": "2"
    },
    {
      "timestamp": 1770799262931,
      "char": "5"
    },
    {
      "timestamp": 1770799263171,
      "char": "p"
    },
    {
      "timestamp": 1770799263382,
      "char": "x"
    },
    {
      "timestamp": 1770799263595,
      "char": ";"
    },
    {
      "timestamp": 1770799263709,
      "char": "💾"
    }
  ]
}